#
# There is insufficient memory for the Java Runtime Environment to continue.
# Native memory allocation (malloc) failed to allocate 1099072 bytes for Chunk::new
# Possible reasons:
#   The system is out of physical RAM or swap space
#   In 32 bit mode, the process size limit was hit
# Possible solutions:
#   Reduce memory load on the system
#   Increase physical memory or swap space
#   Check if swap backing store is full
#   Use 64 bit Java on a 64 bit OS
#   Decrease Java heap size (-Xmx/-Xms)
#   Decrease number of Java threads
#   Decrease Java thread stack sizes (-Xss)
#   Set larger code cache with -XX:ReservedCodeCacheSize=
# This output file may be truncated or incomplete.
#
#  Out of Memory Error (allocation.cpp:390), pid=5024, tid=0x00000000000011ec
#
# JRE version: OpenJDK Runtime Environment (8.0_112-b06) (build 1.8.0_112-release-b06)
# Java VM: OpenJDK 64-Bit Server VM (25.112-b06 mixed mode windows-amd64 compressed oops)
# Failed to write core dump. Minidumps are not enabled by default on client versions of Windows
#

---------------  T H R E A D  ---------------

Current thread (0x0000000016a2d800):  JavaThread "C2 CompilerThread0" daemon [_thread_in_native, id=4588, stack(0x0000000017910000,0x0000000017a10000)]

Stack: [0x0000000017910000,0x0000000017a10000]
[error occurred during error reporting (printing stack bounds), id 0xc0000005]

Native frames: (J=compiled Java code, j=interpreted, Vv=VM code, C=native code)


Current CompileTask:
C2:10803223 20378       4       com.android.dx.ssa.SCCP::run (298 bytes)


---------------  P R O C E S S  ---------------

Java Threads: ( => current thread )
  0x00000000195bc800 JavaThread "pool-87-thread-2" [_thread_blocked, id=1832, stack(0x00000000318f0000,0x00000000319f0000)]
  0x00000000195c0800 JavaThread "pool-87-thread-1" [_thread_blocked, id=5884, stack(0x00000000311f0000,0x00000000312f0000)]
  0x00000000195b4800 JavaThread "Cache update executor" [_thread_blocked, id=5008, stack(0x00000000310f0000,0x00000000311f0000)]
  0x00000000195b8000 JavaThread "Stdin handler" [_thread_blocked, id=4888, stack(0x0000000030ff0000,0x00000000310f0000)]
  0x00000000195b3000 JavaThread "Asynchronous log dispatcher for DefaultDaemonConnection: socket connection from /127.0.0.1:49827 to /127.0.0.1:54973" [_thread_blocked, id=4852, stack(0x0000000030ef0000,0x0000000030ff0000)]
  0x00000000195b1800 JavaThread "Daemon worker Thread 16" [_thread_blocked, id=5164, stack(0x0000000030df0000,0x0000000030ef0000)]
  0x00000000195b5000 JavaThread "Cancel handler" [_thread_blocked, id=5968, stack(0x0000000030cf0000,0x0000000030df0000)]
  0x00000000195b7800 JavaThread "Handler for socket connection from /127.0.0.1:49827 to /127.0.0.1:54973" [_thread_in_native, id=1708, stack(0x0000000030bf0000,0x0000000030cf0000)]
  0x00000000195b6800 JavaThread "Daemon Thread 16" [_thread_blocked, id=5168, stack(0x0000000030af0000,0x0000000030bf0000)]
  0x00000000195ba800 JavaThread "pool-6-thread-4" [_thread_blocked, id=1004, stack(0x00000000244f0000,0x00000000245f0000)]
  0x00000000195b9800 JavaThread "pool-6-thread-3" [_thread_in_native, id=1388, stack(0x0000000023ef0000,0x0000000023ff0000)]
  0x00000000195b2000 JavaThread "pool-6-thread-2" [_thread_blocked, id=3628, stack(0x00000000233f0000,0x00000000234f0000)]
  0x00000000195b6000 JavaThread "pool-6-thread-1" [_thread_blocked, id=3712, stack(0x0000000022df0000,0x0000000022ef0000)]
  0x0000000017da4000 JavaThread "File lock request listener" [_thread_in_native, id=4912, stack(0x000000001b740000,0x000000001b840000)]
  0x0000000018f44800 JavaThread "pool-1-thread-1" [_thread_blocked, id=3128, stack(0x000000001a070000,0x000000001a170000)]
  0x0000000018e5d000 JavaThread "Incoming local TCP Connector on port 49827" [_thread_in_native, id=6116, stack(0x0000000019ae0000,0x0000000019be0000)]
  0x0000000016a7d800 JavaThread "Service Thread" daemon [_thread_blocked, id=2156, stack(0x0000000017f10000,0x0000000018010000)]
  0x0000000016a7c000 JavaThread "C1 CompilerThread1" daemon [_thread_blocked, id=3576, stack(0x0000000017e10000,0x0000000017f10000)]
=>0x0000000016a2d800 JavaThread "C2 CompilerThread0" daemon [_thread_in_native, id=4588, stack(0x0000000017910000,0x0000000017a10000)]
  0x0000000016a2c000 JavaThread "Attach Listener" daemon [_thread_blocked, id=5920, stack(0x0000000017810000,0x0000000017910000)]
  0x0000000016a29800 JavaThread "Signal Dispatcher" daemon [_thread_blocked, id=716, stack(0x0000000017710000,0x0000000017810000)]
  0x00000000169c6800 JavaThread "Finalizer" daemon [_thread_blocked, id=6028, stack(0x0000000017610000,0x0000000017710000)]
  0x000000000329c800 JavaThread "Reference Handler" daemon [_thread_blocked, id=1000, stack(0x0000000017510000,0x0000000017610000)]
  0x00000000031b0800 JavaThread "main" [_thread_blocked, id=4664, stack(0x0000000002fb0000,0x00000000030b0000)]

Other Threads:
  0x00000000169a3800 VMThread [stack: 0x0000000017410000,0x0000000017510000] [id=3700]
  0x0000000016a7e800 WatcherThread [stack: 0x0000000018010000,0x0000000018110000] [id=2064]

VM state:not at safepoint (normal execution)

VM Mutex/Monitor currently owned by a thread: None

Heap:
 PSYoungGen      total 208384K, used 193920K [0x00000000e0000000, 0x00000000ef600000, 0x0000000100000000)
  eden space 197632K, 92% used [0x00000000e0000000,0x00000000eb30ca68,0x00000000ec100000)
  from space 10752K, 98% used [0x00000000edb80000,0x00000000ee5d38c0,0x00000000ee600000)
  to   space 16384K, 0% used [0x00000000ee600000,0x00000000ee600000,0x00000000ef600000)
 ParOldGen       total 95232K, used 59037K [0x00000000a0000000, 0x00000000a5d00000, 0x00000000e0000000)
  object space 95232K, 61% used [0x00000000a0000000,0x00000000a39a75b0,0x00000000a5d00000)
 Metaspace       used 78035K, capacity 84258K, committed 84352K, reserved 1122304K
  class space    used 9978K, capacity 10850K, committed 10880K, reserved 1048576K

Card table byte_map: [0x0000000012670000,0x0000000012980000] byte_map_base: 0x0000000012170000

Marking Bits: (ParMarkBitMap*) 0x00000000553718f0
 Begin Bits: [0x0000000012d80000, 0x0000000014580000)
 End Bits:   [0x0000000014580000, 0x0000000015d80000)

Polling page: 0x00000000013e0000

CodeCache: size=245760Kb used=58736Kb max_used=58752Kb free=187023Kb
 bounds [0x00000000032b0000, 0x0000000006c70000, 0x00000000122b0000]
 total_blobs=16862 nmethods=16041 adapters=734
 compilation: enabled

Compilation events (10 events):
Event: 10795.150 Thread 0x0000000016a2d800 nmethod 20376 0x0000000006c52110 code [0x0000000006c52260, 0x0000000006c524d8]
Event: 10795.183 Thread 0x0000000016a2d800 20377       4       com.android.dx.rop.code.BasicBlockList::preferredSuccessorOf (77 bytes)
Event: 10795.192 Thread 0x0000000016a2d800 nmethod 20377 0x0000000006c51890 code [0x0000000006c51a00, 0x0000000006c51c48]
Event: 10795.360 Thread 0x0000000016a2d800 20378       4       com.android.dx.ssa.SCCP::run (298 bytes)
Event: 10795.361 Thread 0x0000000016a7c000 20380       3       com.android.dx.rop.code.Rops::opGetField (97 bytes)
Event: 10795.364 Thread 0x0000000016a7c000 nmethod 20380 0x0000000006c2b450 code [0x0000000006c2b680, 0x0000000006c2c2f8]
Event: 10796.525 Thread 0x0000000016a7c000 20384       3       java.lang.Thread::exit (51 bytes)
Event: 10796.526 Thread 0x0000000016a7c000 nmethod 20384 0x0000000006c51390 code [0x0000000006c51500, 0x0000000006c517a8]
Event: 10796.534 Thread 0x0000000016a7c000 20385       3       com.android.dx.rop.cst.CstArray$List::compareTo (93 bytes)
Event: 10796.536 Thread 0x0000000016a7c000 nmethod 20385 0x00000000034edc10 code [0x00000000034ede40, 0x00000000034eedb8]

GC Heap History (10 events):
Event: 7193.707 GC heap before
{Heap before GC invocations=32 (full 3):
 PSYoungGen      total 249856K, used 249366K [0x00000000e0000000, 0x00000000f1e00000, 0x0000000100000000)
  eden space 243712K, 100% used [0x00000000e0000000,0x00000000eee00000,0x00000000eee00000)
  from space 6144K, 92% used [0x00000000f1800000,0x00000000f1d85858,0x00000000f1e00000)
  to   space 19968K, 0% used [0x00000000ef700000,0x00000000ef700000,0x00000000f0a80000)
 ParOldGen       total 95232K, used 59013K [0x00000000a0000000, 0x00000000a5d00000, 0x00000000e0000000)
  object space 95232K, 61% used [0x00000000a0000000,0x00000000a39a15b0,0x00000000a5d00000)
 Metaspace       used 77241K, capacity 83012K, committed 83328K, reserved 1122304K
  class space    used 9917K, capacity 10795K, committed 10880K, reserved 1048576K
Event: 7194.026 GC heap after
Heap after GC invocations=32 (full 3):
 PSYoungGen      total 241152K, used 7535K [0x00000000e0000000, 0x00000000f1880000, 0x0000000100000000)
  eden space 233472K, 0% used [0x00000000e0000000,0x00000000e0000000,0x00000000ee400000)
  from space 7680K, 98% used [0x00000000ef700000,0x00000000efe5be90,0x00000000efe80000)
  to   space 18944K, 0% used [0x00000000f0600000,0x00000000f0600000,0x00000000f1880000)
 ParOldGen       total 95232K, used 59013K [0x00000000a0000000, 0x00000000a5d00000, 0x00000000e0000000)
  object space 95232K, 61% used [0x00000000a0000000,0x00000000a39a15b0,0x00000000a5d00000)
 Metaspace       used 77241K, capacity 83012K, committed 83328K, reserved 1122304K
  class space    used 9917K, capacity 10795K, committed 10880K, reserved 1048576K
}
Event: 7368.575 GC heap before
{Heap before GC invocations=33 (full 3):
 PSYoungGen      total 241152K, used 241007K [0x00000000e0000000, 0x00000000f1880000, 0x0000000100000000)
  eden space 233472K, 100% used [0x00000000e0000000,0x00000000ee400000,0x00000000ee400000)
  from space 7680K, 98% used [0x00000000ef700000,0x00000000efe5be90,0x00000000efe80000)
  to   space 18944K, 0% used [0x00000000f0600000,0x00000000f0600000,0x00000000f1880000)
 ParOldGen       total 95232K, used 59013K [0x00000000a0000000, 0x00000000a5d00000, 0x00000000e0000000)
  object space 95232K, 61% used [0x00000000a0000000,0x00000000a39a15b0,0x00000000a5d00000)
 Metaspace       used 77395K, capacity 83396K, committed 83584K, reserved 1122304K
  class space    used 9936K, capacity 10813K, committed 10880K, reserved 1048576K
Event: 7368.674 GC heap after
Heap after GC invocations=33 (full 3):
 PSYoungGen      total 230912K, used 6658K [0x00000000e0000000, 0x00000000f0d00000, 0x0000000100000000)
  eden space 223744K, 0% used [0x00000000e0000000,0x00000000e0000000,0x00000000eda80000)
  from space 7168K, 92% used [0x00000000f0600000,0x00000000f0c80be0,0x00000000f0d00000)
  to   space 18432K, 0% used [0x00000000ee900000,0x00000000ee900000,0x00000000efb00000)
 ParOldGen       total 95232K, used 59021K [0x00000000a0000000, 0x00000000a5d00000, 0x00000000e0000000)
  object space 95232K, 61% used [0x00000000a0000000,0x00000000a39a35b0,0x00000000a5d00000)
 Metaspace       used 77395K, capacity 83396K, committed 83584K, reserved 1122304K
  class space    used 9936K, capacity 10813K, committed 10880K, reserved 1048576K
}
Event: 7470.928 GC heap before
{Heap before GC invocations=34 (full 3):
 PSYoungGen      total 230912K, used 230402K [0x00000000e0000000, 0x00000000f0d00000, 0x0000000100000000)
  eden space 223744K, 100% used [0x00000000e0000000,0x00000000eda80000,0x00000000eda80000)
  from space 7168K, 92% used [0x00000000f0600000,0x00000000f0c80be0,0x00000000f0d00000)
  to   space 18432K, 0% used [0x00000000ee900000,0x00000000ee900000,0x00000000efb00000)
 ParOldGen       total 95232K, used 59021K [0x00000000a0000000, 0x00000000a5d00000, 0x00000000e0000000)
  object space 95232K, 61% used [0x00000000a0000000,0x00000000a39a35b0,0x00000000a5d00000)
 Metaspace       used 77493K, capacity 83492K, committed 83584K, reserved 1122304K
  class space    used 9944K, capacity 10821K, committed 10880K, reserved 1048576K
Event: 7471.374 GC heap after
Heap after GC invocations=34 (full 3):
 PSYoungGen      total 221696K, used 6734K [0x00000000e0000000, 0x00000000f0680000, 0x0000000100000000)
  eden space 214528K, 0% used [0x00000000e0000000,0x00000000e0000000,0x00000000ed180000)
  from space 7168K, 93% used [0x00000000ee900000,0x00000000eef93bf0,0x00000000ef000000)
  to   space 17408K, 0% used [0x00000000ef580000,0x00000000ef580000,0x00000000f0680000)
 ParOldGen       total 95232K, used 59029K [0x00000000a0000000, 0x00000000a5d00000, 0x00000000e0000000)
  object space 95232K, 61% used [0x00000000a0000000,0x00000000a39a55b0,0x00000000a5d00000)
 Metaspace       used 77493K, capacity 83492K, committed 83584K, reserved 1122304K
  class space    used 9944K, capacity 10821K, committed 10880K, reserved 1048576K
}
Event: 7588.897 GC heap before
{Heap before GC invocations=35 (full 3):
 PSYoungGen      total 221696K, used 221262K [0x00000000e0000000, 0x00000000f0680000, 0x0000000100000000)
  eden space 214528K, 100% used [0x00000000e0000000,0x00000000ed180000,0x00000000ed180000)
  from space 7168K, 93% used [0x00000000ee900000,0x00000000eef93bf0,0x00000000ef000000)
  to   space 17408K, 0% used [0x00000000ef580000,0x00000000ef580000,0x00000000f0680000)
 ParOldGen       total 95232K, used 59029K [0x00000000a0000000, 0x00000000a5d00000, 0x00000000e0000000)
  object space 95232K, 61% used [0x00000000a0000000,0x00000000a39a55b0,0x00000000a5d00000)
 Metaspace       used 77640K, capacity 83750K, committed 83840K, reserved 1122304K
  class space    used 9956K, capacity 10836K, committed 10880K, reserved 1048576K
Event: 7588.959 GC heap after
Heap after GC invocations=35 (full 3):
 PSYoungGen      total 212992K, used 6802K [0x00000000e0000000, 0x00000000efc80000, 0x0000000100000000)
  eden space 205824K, 0% used [0x00000000e0000000,0x00000000e0000000,0x00000000ec900000)
  from space 7168K, 94% used [0x00000000ef580000,0x00000000efc24b50,0x00000000efc80000)
  to   space 16896K, 0% used [0x00000000edb80000,0x00000000edb80000,0x00000000eec00000)
 ParOldGen       total 95232K, used 59029K [0x00000000a0000000, 0x00000000a5d00000, 0x00000000e0000000)
  object space 95232K, 61% used [0x00000000a0000000,0x00000000a39a55b0,0x00000000a5d00000)
 Metaspace       used 77640K, capacity 83750K, committed 83840K, reserved 1122304K
  class space    used 9956K, capacity 10836K, committed 10880K, reserved 1048576K
}
Event: 7598.662 GC heap before
{Heap before GC invocations=36 (full 3):
 PSYoungGen      total 212992K, used 212626K [0x00000000e0000000, 0x00000000efc80000, 0x0000000100000000)
  eden space 205824K, 100% used [0x00000000e0000000,0x00000000ec900000,0x00000000ec900000)
  from space 7168K, 94% used [0x00000000ef580000,0x00000000efc24b50,0x00000000efc80000)
  to   space 16896K, 0% used [0x00000000edb80000,0x00000000edb80000,0x00000000eec00000)
 ParOldGen       total 95232K, used 59029K [0x00000000a0000000, 0x00000000a5d00000, 0x00000000e0000000)
  object space 95232K, 61% used [0x00000000a0000000,0x00000000a39a55b0,0x00000000a5d00000)
 Metaspace       used 77707K, capacity 83878K, committed 84096K, reserved 1122304K
  class space    used 9957K, capacity 10836K, committed 10880K, reserved 1048576K
Event: 7598.908 GC heap after
Heap after GC invocations=36 (full 3):
 PSYoungGen      total 208384K, used 10574K [0x00000000e0000000, 0x00000000ef600000, 0x0000000100000000)
  eden space 197632K, 0% used [0x00000000e0000000,0x00000000e0000000,0x00000000ec100000)
  from space 10752K, 98% used [0x00000000edb80000,0x00000000ee5d38c0,0x00000000ee600000)
  to   space 16384K, 0% used [0x00000000ee600000,0x00000000ee600000,0x00000000ef600000)
 ParOldGen       total 95232K, used 59037K [0x00000000a0000000, 0x00000000a5d00000, 0x00000000e0000000)
  object space 95232K, 61% used [0x00000000a0000000,0x00000000a39a75b0,0x00000000a5d00000)
 Metaspace       used 77707K, capacity 83878K, committed 84096K, reserved 1122304K
  class space    used 9957K, capacity 10836K, committed 10880K, reserved 1048576K
}

Deoptimization events (10 events):
Event: 10754.894 Thread 0x00000000195b1800 Uncommon trap: reason=bimorphic action=maybe_recompile pc=0x0000000005a7a748 method=com.android.ide.common.res2.NodeUtils.updateNamespace(Lorg/w3c/dom/Node;Lorg/w3c/dom/Document;)V @ 7
Event: 10754.894 Thread 0x00000000195b1800 Uncommon trap: reason=bimorphic action=maybe_recompile pc=0x0000000005a7a748 method=com.android.ide.common.res2.NodeUtils.updateNamespace(Lorg/w3c/dom/Node;Lorg/w3c/dom/Document;)V @ 7
Event: 10755.024 Thread 0x00000000195b1800 Uncommon trap: reason=bimorphic action=maybe_recompile pc=0x0000000005aa5cb0 method=com.android.utils.XmlUtils.append(Lcom/android/utils/XmlUtils$PositionAwareStringBuilder;Lorg/w3c/dom/Node;Ljava/util/Map;)V @ 1
Event: 10755.024 Thread 0x00000000195b1800 Uncommon trap: reason=unstable_if action=reinterpret pc=0x0000000005aa5e44 method=com.android.utils.XmlUtils.append(Lcom/android/utils/XmlUtils$PositionAwareStringBuilder;Lorg/w3c/dom/Node;Ljava/util/Map;)V @ 277
Event: 10755.024 Thread 0x00000000195b1800 Uncommon trap: reason=unstable_if action=reinterpret pc=0x0000000005a46914 method=com.sun.org.apache.xerces.internal.dom.NodeImpl.hasStringValue()Z @ 8
Event: 10755.195 Thread 0x00000000195b1800 Uncommon trap: reason=class_check action=maybe_recompile pc=0x0000000004e68418 method=java.io.Writer.write(Ljava/lang/String;)V @ 7
Event: 10756.863 Thread 0x00000000195b1800 Uncommon trap: reason=class_check action=maybe_recompile pc=0x0000000004e68418 method=java.io.Writer.write(Ljava/lang/String;)V @ 7
Event: 10774.564 Thread 0x00000000195b1800 Uncommon trap: reason=unstable_if action=reinterpret pc=0x00000000063bd100 method=com.sun.tools.javac.comp.Check.checkUnique(Lcom/sun/tools/javac/util/JCDiagnostic$DiagnosticPosition;Lcom/sun/tools/javac/code/Symbol;Lcom/sun/tools/javac/code/Scope;)Z @ 47
Event: 10789.854 Thread 0x00000000195bc800 Uncommon trap: reason=unstable_if action=reinterpret pc=0x000000000593f00c method=sun.nio.fs.WindowsPath.openForReadAttributeAccess(Z)J @ 4
Event: 10789.996 Thread 0x00000000195b1800 Uncommon trap: reason=speculate_class_check action=maybe_recompile pc=0x00000000054cbdb8 method=com.sun.org.apache.xerces.internal.dom.ParentNode.internalInsertBefore(Lorg/w3c/dom/Node;Lorg/w3c/dom/Node;Z)Lorg/w3c/dom/Node; @ 565

Internal exceptions (10 events):
Event: 10749.273 Thread 0x00000000195b1800 Exception <a 'sun/nio/fs/WindowsException'> (0x00000000e44f3b28) thrown at [C:\src\android\AOSP-openjdk\external\jetbrains\jdk\hotspot\src\share\vm\prims\jni.cpp, line 709]
Event: 10749.273 Thread 0x00000000195b1800 Exception <a 'sun/nio/fs/WindowsException'> (0x00000000e44f56a0) thrown at [C:\src\android\AOSP-openjdk\external\jetbrains\jdk\hotspot\src\share\vm\prims\jni.cpp, line 709]
Event: 10749.273 Thread 0x00000000195b1800 Exception <a 'sun/nio/fs/WindowsException'> (0x00000000e44f6228) thrown at [C:\src\android\AOSP-openjdk\external\jetbrains\jdk\hotspot\src\share\vm\prims\jni.cpp, line 709]
Event: 10749.274 Thread 0x00000000195b1800 Exception <a 'sun/nio/fs/WindowsException'> (0x00000000e44f90d8) thrown at [C:\src\android\AOSP-openjdk\external\jetbrains\jdk\hotspot\src\share\vm\prims\jni.cpp, line 709]
Event: 10749.274 Thread 0x00000000195b1800 Exception <a 'sun/nio/fs/WindowsException'> (0x00000000e44f9c88) thrown at [C:\src\android\AOSP-openjdk\external\jetbrains\jdk\hotspot\src\share\vm\prims\jni.cpp, line 709]
Event: 10749.275 Thread 0x00000000195b1800 Exception <a 'sun/nio/fs/WindowsException'> (0x00000000e44fb878) thrown at [C:\src\android\AOSP-openjdk\external\jetbrains\jdk\hotspot\src\share\vm\prims\jni.cpp, line 709]
Event: 10749.275 Thread 0x00000000195b1800 Exception <a 'sun/nio/fs/WindowsException'> (0x00000000e44fc460) thrown at [C:\src\android\AOSP-openjdk\external\jetbrains\jdk\hotspot\src\share\vm\prims\jni.cpp, line 709]
Event: 10755.024 Thread 0x00000000195b1800 Implicit null exception at 0x0000000005aa29d1 to 0x0000000005aa5df9
Event: 10789.766 Thread 0x00000000195bc800 Exception <a 'sun/nio/fs/WindowsException'> (0x00000000ea852be0) thrown at [C:\src\android\AOSP-openjdk\external\jetbrains\jdk\hotspot\src\share\vm\prims\jni.cpp, line 709]
Event: 10789.854 Thread 0x00000000195bc800 Exception <a 'sun/nio/fs/WindowsException'> (0x00000000ea853b48) thrown at [C:\src\android\AOSP-openjdk\external\jetbrains\jdk\hotspot\src\share\vm\prims\jni.cpp, line 709]

Events (10 events):
Event: 10796.530 Executing VM operation: RevokeBias done
Event: 10796.530 Thread 0x00000000195bd800 Thread exited: 0x00000000195bd800
Event: 10796.531 Executing VM operation: RevokeBias
Event: 10796.531 Executing VM operation: RevokeBias done
Event: 10796.531 Thread 0x00000000195bf800 Thread exited: 0x00000000195bf800
Event: 10796.531 Executing VM operation: RevokeBias
Event: 10796.531 Executing VM operation: RevokeBias done
Event: 10796.531 Thread 0x00000000195be000 Thread exited: 0x00000000195be000
Event: 10796.536 Thread 0x0000000016a7c000 flushing nmethod 0x000000000362cdd0
Event: 10796.538 Thread 0x0000000016a7c000 flushing nmethod 0x000000000378cdd0


Dynamic libraries:
0x00007ff736ac0000 - 0x00007ff736af1000 	D:\Program Files\Android\jre\bin\java.exe
0x00007ffbd1fb0000 - 0x00007ffbd2171000 	C:\Windows\SYSTEM32\ntdll.dll
0x00007ffbd1f00000 - 0x00007ffbd1fad000 	C:\Windows\system32\KERNEL32.DLL
0x00007ffbcf0a0000 - 0x00007ffbcf288000 	C:\Windows\system32\KERNELBASE.dll
0x00007ffbcf840000 - 0x00007ffbcf8e7000 	C:\Windows\system32\ADVAPI32.dll
0x00007ffbd1990000 - 0x00007ffbd1a2d000 	C:\Windows\system32\msvcrt.dll
0x00007ffbcf3b0000 - 0x00007ffbcf40b000 	C:\Windows\system32\sechost.dll
0x00007ffbcff40000 - 0x00007ffbd005c000 	C:\Windows\system32\RPCRT4.dll
0x00007ffbcfb20000 - 0x00007ffbcfc76000 	C:\Windows\system32\USER32.dll
0x00007ffbcfd90000 - 0x00007ffbcff17000 	C:\Windows\system32\GDI32.dll
0x00007ffbb9530000 - 0x00007ffbb97a4000 	C:\Windows\WinSxS\amd64_microsoft.windows.common-controls_6595b64144ccf1df_6.0.10586.839_none_a2ddba30a539a2ae\COMCTL32.dll
0x00007ffbd1a30000 - 0x00007ffbd1cae000 	C:\Windows\system32\combase.dll
0x00007ffbcf340000 - 0x00007ffbcf3aa000 	C:\Windows\system32\bcryptPrimitives.dll
0x00007ffbd1ec0000 - 0x00007ffbd1efb000 	C:\Windows\system32\IMM32.DLL
0x00000000549f0000 - 0x0000000054ac2000 	D:\Program Files\Android\jre\jre\bin\msvcr100.dll
0x0000000054bb0000 - 0x00000000553ec000 	D:\Program Files\Android\jre\jre\bin\server\jvm.dll
0x00007ffbd1800000 - 0x00007ffbd1808000 	C:\Windows\system32\PSAPI.DLL
0x00007ffbcbac0000 - 0x00007ffbcbac9000 	C:\Windows\SYSTEM32\WSOCK32.dll
0x00007ffbcfab0000 - 0x00007ffbcfb1b000 	C:\Windows\system32\WS2_32.dll
0x00007ffbcc910000 - 0x00007ffbcc933000 	C:\Windows\SYSTEM32\WINMM.dll
0x00007ffbc0010000 - 0x00007ffbc001a000 	C:\Windows\SYSTEM32\VERSION.dll
0x00007ffbcc8b0000 - 0x00007ffbcc8dc000 	C:\Windows\SYSTEM32\WINMMBASE.dll
0x00007ffbcecb0000 - 0x00007ffbcecf3000 	C:\Windows\system32\cfgmgr32.dll
0x00007ffbc12a0000 - 0x00007ffbc12af000 	D:\Program Files\Android\jre\jre\bin\verify.dll
0x00007ffbbfe00000 - 0x00007ffbbfe29000 	D:\Program Files\Android\jre\jre\bin\java.dll
0x00007ffbc0d70000 - 0x00007ffbc0d86000 	D:\Program Files\Android\jre\jre\bin\zip.dll
0x00007ffbd00e0000 - 0x00007ffbd163c000 	C:\Windows\system32\SHELL32.dll
0x00007ffbce660000 - 0x00007ffbceca4000 	C:\Windows\system32\windows.storage.dll
0x00007ffbd17a0000 - 0x00007ffbd17f2000 	C:\Windows\system32\shlwapi.dll
0x00007ffbce630000 - 0x00007ffbce63f000 	C:\Windows\system32\kernel.appcore.dll
0x00007ffbced00000 - 0x00007ffbcedb5000 	C:\Windows\system32\shcore.dll
0x00007ffbce5e0000 - 0x00007ffbce62b000 	C:\Windows\system32\powrprof.dll
0x00007ffbce640000 - 0x00007ffbce654000 	C:\Windows\system32\profapi.dll
0x00007ffbbef90000 - 0x00007ffbbefaa000 	D:\Program Files\Android\jre\jre\bin\net.dll
0x00007ffbcdea0000 - 0x00007ffbcdefc000 	C:\Windows\system32\mswsock.dll
0x00007ffbb00a0000 - 0x00007ffbb00b1000 	D:\Program Files\Android\jre\jre\bin\nio.dll
0x00007ffbc2f90000 - 0x00007ffbc2fae000 	C:\Users\bicpc\.gradle\native\23\windows-amd64\native-platform.dll
0x00007ffbcdf50000 - 0x00007ffbcdf67000 	C:\Windows\SYSTEM32\CRYPTSP.dll
0x00007ffbcdbe0000 - 0x00007ffbcdc14000 	C:\Windows\system32\rsaenh.dll
0x00007ffbce500000 - 0x00007ffbce529000 	C:\Windows\SYSTEM32\bcrypt.dll
0x00007ffbcdd30000 - 0x00007ffbcdd4f000 	C:\Windows\SYSTEM32\USERENV.dll
0x00007ffbce070000 - 0x00007ffbce07b000 	C:\Windows\SYSTEM32\CRYPTBASE.dll
0x00007ffbc5360000 - 0x00007ffbc5398000 	C:\Windows\SYSTEM32\IPHLPAPI.DLL
0x00007ffbcf950000 - 0x00007ffbcf958000 	C:\Windows\system32\NSI.dll
0x00007ffbc47d0000 - 0x00007ffbc47e6000 	C:\Windows\SYSTEM32\dhcpcsvc6.DLL
0x00007ffbc48a0000 - 0x00007ffbc48ba000 	C:\Windows\SYSTEM32\dhcpcsvc.DLL
0x00007ffbbef60000 - 0x00007ffbbef6d000 	D:\Program Files\Android\jre\jre\bin\management.dll
0x00007ffbb02a0000 - 0x00007ffbb02c4000 	D:\Program Files\Android\jre\jre\bin\sunec.dll
0x00007ffbcd010000 - 0x00007ffbcd0ba000 	C:\Windows\SYSTEM32\DNSAPI.dll
0x00007ffbc0e90000 - 0x00007ffbc0e9a000 	C:\Windows\System32\rasadhlp.dll
0x00007ffbc4ac0000 - 0x00007ffbc4b27000 	C:\Windows\System32\fwpuclnt.dll
0x00007ffbc0d90000 - 0x00007ffbc0d9b000 	D:\Program Files\Android\jre\jre\bin\sunmscapi.dll
0x00007ffbceed0000 - 0x00007ffbcf098000 	C:\Windows\system32\CRYPT32.dll
0x00007ffbce5d0000 - 0x00007ffbce5e0000 	C:\Windows\system32\MSASN1.dll
0x00007ffbcd4b0000 - 0x00007ffbcd4e1000 	C:\Windows\SYSTEM32\ntmarta.dll
0x00007ffbab7d0000 - 0x00007ffbab86c000 	C:\Windows\SYSTEM32\efswrt.dll
0x00007ffbd18c0000 - 0x00007ffbd1986000 	C:\Windows\system32\OLEAUT32.dll
0x00007ffbcb5a0000 - 0x00007ffbcb6d6000 	C:\Windows\SYSTEM32\wintypes.dll
0x00007ffbb8800000 - 0x00007ffbb8850000 	C:\Windows\SYSTEM32\edputil.dll

VM Arguments:
jvm_args: -Xmx1536m -Dfile.encoding=windows-31j -Duser.country=JP -Duser.language=ja -Duser.variant 
java_command: org.gradle.launcher.daemon.bootstrap.GradleDaemon 3.3
java_class_path (initial): C:\Users\bicpc\.gradle\wrapper\dists\gradle-3.3-all\55gk2rcmfc6p2dg9u9ohc3hw9\gradle-3.3\lib\gradle-launcher-3.3.jar
Launcher Type: SUN_STANDARD

Environment Variables:
JAVA_HOME=D:\Program Files\Java
PATH=D:\Users\new2\platform-tools;C:\ProgramData\Oracle\Java\javapath;C:\Program Files (x86)\Intel\TXE Components\TCS\;C:\Program Files\Intel\TXE Components\TCS\;C:\Windows\system32;C:\Windows;C:\Windows\System32\Wbem;C:\Windows\System32\WindowsPowerShell\v1.0\;C:\Program Files\Intel\WiFi\bin\;C:\Program Files\Common Files\Intel\WirelessCommon\;C:\Program Files\Intel\TXE Components\DAL\;C:\Program Files (x86)\Intel\TXE Components\DAL\;C:\Program Files\Intel\TXE Components\IPT\;C:\Program Files (x86)\Intel\TXE Components\IPT\;C:\Go\bin;C:\Program Files (x86)\GnuWin32;C:\Ruby24-x64\devkit;C:\Ruby24-x64;C:\Ruby24-x64\bin;C:\Program Files\Git\cmd;D:\Program Files\Java\jre-9\bin;C:\Ruby24-x64\bin
USERNAME=bicpc
OS=Windows_NT
PROCESSOR_IDENTIFIER=Intel64 Family 6 Model 76 Stepping 3, GenuineIntel



---------------  S Y S T E M  ---------------

OS: Windows 10.0 , 64 bit Build 10586 (10.0.10586.589)

CPU:total 2 (2 cores per cpu, 1 threads per core) family 6 model 76 stepping 3, cmov, cx8, fxsr, mmx, sse, sse2, sse3, ssse3, sse4.1, sse4.2, popcnt, aes, clmul, erms, 3dnowpref, tsc, tscinvbit

Memory: 4k page, physical 4106000k(346024k free), swap 6089640k(6852k free)

vm_info: OpenJDK 64-Bit Server VM (25.112-b06) for windows-amd64 JRE (1.8.0_112-release-b06), built on Dec  8 2016 00:54:26 by "builder" with MS VC++ 10.0 (VS2010)

time: Fri Nov 03 13:32:39 2017
elapsed time: 10800 seconds (0d 3h 0m 0s)

